<?xml version="1.0" encoding="UTF-8"?>
<!-- Generated by org.testng.reporters.JUnitXMLReporter -->
<testsuite hostname="KESAVAN-PC" ignored="0" name="Test" tests="6" failures="0" timestamp="2021-03-15T14:33:25 IST" time="20.798" errors="0">
  <testcase name="getAllRepos" time="5.53" classname="com.restAssured.concepts.Get_Request"/>
  <testcase name="createRepo" time="4.503" classname="com.restAssured.concepts.Get_Request"/>
  <testcase name="getRepo" time="2.99" classname="com.restAssured.concepts.Get_Request"/>
  <testcase name="updateRepo" time="2.277" classname="com.restAssured.concepts.Get_Request"/>
  <testcase name="getAllReposTopic" time="2.875" classname="com.restAssured.concepts.Get_Request"/>
  <testcase name="deleteRepo" time="2.569" classname="com.restAssured.concepts.Get_Request"/>
</testsuite> <!-- Test -->
